INFO:root:looking for replies to: https://twitter.com/nytimes/status/1161166753017339904
INFO:root:looking for replies to: https://twitter.com/nytimes/status/1161166753017339904
INFO:root:examining: https://twitter.com/nytimes/status/1161166753017339904
INFO:root:examining: https://twitter.com/nytimes/status/1161166753017339904
INFO:root:examining: https://twitter.com/nytimes/status/1161166753017339904
INFO:root:examining: https://twitter.com/nytimes/status/1161166753017339904
INFO:root:examining: https://twitter.com/nytimes/status/1161166753017339904
INFO:root:examining: https://twitter.com/nytimes/status/1161166753017339904
INFO:root:examining: https://twitter.com/nytimes/status/1161166753017339904
INFO:root:examining: https://twitter.com/nytimes/status/1161166753017339904
INFO:root:examining: https://twitter.com/nytimes/status/1161166753017339904
INFO:root:examining: https://twitter.com/nytimes/status/1161166753017339904
INFO:root:examining: https://twitter.com/nytimes/status/1161166753017339904
INFO:root:examining: https://twitter.com/nytimes/status/1161166753017339904
INFO:root:examining: https://twitter.com/nytimes/status/1161166753017339904
INFO:root:examining: https://twitter.com/nytimes/status/1161166753017339904
INFO:root:examining: https://twitter.com/nytimes/status/1161166753017339904
INFO:root:looking for replies to: https://twitter.com/nytimes/status/1161166753017339904
INFO:root:examining: https://twitter.com/nytimes/status/1161166753017339904
INFO:root:examining: https://twitter.com/nytimes/status/1161166753017339904
INFO:root:examining: https://twitter.com/nytimes/status/1161166753017339904
INFO:root:examining: https://twitter.com/nytimes/status/1161166753017339904
INFO:root:examining: https://twitter.com/nytimes/status/1161166753017339904
INFO:root:examining: https://twitter.com/nytimes/status/1161166753017339904
INFO:root:examining: https://twitter.com/nytimes/status/1161166753017339904
INFO:root:examining: https://twitter.com/nytimes/status/1161166753017339904
INFO:root:examining: https://twitter.com/nytimes/status/1161166753017339904
INFO:root:examining: https://twitter.com/nytimes/status/1161166753017339904
INFO:root:examining: https://twitter.com/nytimes/status/1161166753017339904
INFO:root:examining: https://twitter.com/nytimes/status/1161166753017339904
INFO:root:examining: https://twitter.com/nytimes/status/1161166753017339904
INFO:root:examining: https://twitter.com/nytimes/status/1161166753017339904
INFO:root:examining: https://twitter.com/nytimes/status/1161166753017339904
INFO:root:looking for replies to: https://twitter.com/TheEconomist/status/1161166753017339904
INFO:root:examining: https://twitter.com/TheEconomist/status/1161166753017339904
INFO:root:examining: https://twitter.com/TheEconomist/status/1161166753017339904
INFO:root:examining: https://twitter.com/TheEconomist/status/1161166753017339904
INFO:root:examining: https://twitter.com/TheEconomist/status/1161166753017339904
INFO:root:examining: https://twitter.com/TheEconomist/status/1161166753017339904
INFO:root:examining: https://twitter.com/TheEconomist/status/1161166753017339904
INFO:root:examining: https://twitter.com/TheEconomist/status/1161166753017339904
INFO:root:examining: https://twitter.com/TheEconomist/status/1161166753017339904
INFO:root:examining: https://twitter.com/TheEconomist/status/1161166753017339904
INFO:root:examining: https://twitter.com/TheEconomist/status/1161166753017339904
INFO:root:examining: https://twitter.com/TheEconomist/status/1161166753017339904
INFO:root:examining: https://twitter.com/TheEconomist/status/1161166753017339904
INFO:root:examining: https://twitter.com/TheEconomist/status/1161166753017339904
INFO:root:examining: https://twitter.com/TheEconomist/status/1161166753017339904
INFO:root:examining: https://twitter.com/TheEconomist/status/1161166753017339904
INFO:root:looking for replies to: https://twitter.com/TheEconomist/status/1161166753017339904
INFO:root:examining: https://twitter.com/TheEconomist/status/1161166753017339904
INFO:root:examining: https://twitter.com/TheEconomist/status/1161166753017339904
INFO:root:examining: https://twitter.com/TheEconomist/status/1161166753017339904
INFO:root:examining: https://twitter.com/TheEconomist/status/1161166753017339904
INFO:root:examining: https://twitter.com/TheEconomist/status/1161166753017339904
INFO:root:examining: https://twitter.com/TheEconomist/status/1161166753017339904
INFO:root:examining: https://twitter.com/TheEconomist/status/1161166753017339904
INFO:root:examining: https://twitter.com/TheEconomist/status/1161166753017339904
INFO:root:examining: https://twitter.com/TheEconomist/status/1161166753017339904
INFO:root:examining: https://twitter.com/TheEconomist/status/1161166753017339904
INFO:root:examining: https://twitter.com/TheEconomist/status/1161166753017339904
INFO:root:examining: https://twitter.com/TheEconomist/status/1161166753017339904
INFO:root:examining: https://twitter.com/TheEconomist/status/1161166753017339904
INFO:root:examining: https://twitter.com/TheEconomist/status/1161166753017339904
INFO:root:examining: https://twitter.com/TheEconomist/status/1161166753017339904
INFO:root:looking for replies to: https://twitter.com/TheEconomist/status/1161166753017339904
INFO:root:examining: https://twitter.com/TheEconomist/status/1161166753017339904
INFO:root:examining: https://twitter.com/TheEconomist/status/1161166753017339904
INFO:root:examining: https://twitter.com/TheEconomist/status/1161166753017339904
INFO:root:examining: https://twitter.com/TheEconomist/status/1161166753017339904
INFO:root:examining: https://twitter.com/TheEconomist/status/1161166753017339904
INFO:root:examining: https://twitter.com/TheEconomist/status/1161166753017339904
INFO:root:examining: https://twitter.com/TheEconomist/status/1161166753017339904
INFO:root:examining: https://twitter.com/TheEconomist/status/1161166753017339904
INFO:root:examining: https://twitter.com/TheEconomist/status/1161166753017339904
INFO:root:examining: https://twitter.com/TheEconomist/status/1161166753017339904
INFO:root:examining: https://twitter.com/TheEconomist/status/1161166753017339904
INFO:root:examining: https://twitter.com/TheEconomist/status/1161166753017339904
INFO:root:examining: https://twitter.com/TheEconomist/status/1161166753017339904
INFO:root:examining: https://twitter.com/TheEconomist/status/1161166753017339904
INFO:root:examining: https://twitter.com/TheEconomist/status/1161166753017339904
INFO:root:looking for replies to: https://twitter.com/TheEconomist/status/1161166753017339904
INFO:root:examining: https://twitter.com/TheEconomist/status/1161166753017339904
INFO:root:examining: https://twitter.com/TheEconomist/status/1161166753017339904
INFO:root:examining: https://twitter.com/TheEconomist/status/1161166753017339904
INFO:root:examining: https://twitter.com/TheEconomist/status/1161166753017339904
INFO:root:examining: https://twitter.com/TheEconomist/status/1161166753017339904
INFO:root:examining: https://twitter.com/TheEconomist/status/1161166753017339904
INFO:root:examining: https://twitter.com/TheEconomist/status/1161166753017339904
INFO:root:examining: https://twitter.com/TheEconomist/status/1161166753017339904
INFO:root:examining: https://twitter.com/TheEconomist/status/1161166753017339904
INFO:root:examining: https://twitter.com/TheEconomist/status/1161166753017339904
INFO:root:examining: https://twitter.com/TheEconomist/status/1161166753017339904
INFO:root:examining: https://twitter.com/TheEconomist/status/1161166753017339904
INFO:root:examining: https://twitter.com/TheEconomist/status/1161166753017339904
INFO:root:examining: https://twitter.com/TheEconomist/status/1161166753017339904
INFO:root:examining: https://twitter.com/TheEconomist/status/1161166753017339904
INFO:root:looking for replies to: https://twitter.com/TheEconomist/status/1161166753017339904
INFO:root:examining: https://twitter.com/TheEconomist/status/1161166753017339904
INFO:root:examining: https://twitter.com/TheEconomist/status/1161166753017339904
INFO:root:examining: https://twitter.com/TheEconomist/status/1161166753017339904
INFO:root:examining: https://twitter.com/TheEconomist/status/1161166753017339904
INFO:root:examining: https://twitter.com/TheEconomist/status/1161166753017339904
INFO:root:examining: https://twitter.com/TheEconomist/status/1161166753017339904
INFO:root:examining: https://twitter.com/TheEconomist/status/1161166753017339904
INFO:root:examining: https://twitter.com/TheEconomist/status/1161166753017339904
INFO:root:examining: https://twitter.com/TheEconomist/status/1161166753017339904
INFO:root:examining: https://twitter.com/TheEconomist/status/1161166753017339904
INFO:root:examining: https://twitter.com/TheEconomist/status/1161166753017339904
INFO:root:examining: https://twitter.com/TheEconomist/status/1161166753017339904
INFO:root:examining: https://twitter.com/TheEconomist/status/1161166753017339904
INFO:root:examining: https://twitter.com/TheEconomist/status/1161166753017339904
INFO:root:examining: https://twitter.com/TheEconomist/status/1161166753017339904
INFO:root:looking for replies to: https://twitter.com/TheEconomist/status/1161166753017339904
INFO:root:looking for replies to: https://twitter.com/TheEconomist/status/1161166753017339904
INFO:root:looking for replies to: https://twitter.com/TheEconomist/status/1161166753017339904
INFO:root:examining: https://twitter.com/TheEconomist/status/1161166753017339904
INFO:root:examining: https://twitter.com/TheEconomist/status/1161166753017339904
INFO:root:examining: https://twitter.com/TheEconomist/status/1161166753017339904
INFO:root:examining: https://twitter.com/TheEconomist/status/1161166753017339904
INFO:root:examining: https://twitter.com/TheEconomist/status/1161166753017339904
INFO:root:examining: https://twitter.com/TheEconomist/status/1161166753017339904
INFO:root:examining: https://twitter.com/TheEconomist/status/1161166753017339904
INFO:root:examining: https://twitter.com/TheEconomist/status/1161166753017339904
INFO:root:examining: https://twitter.com/TheEconomist/status/1161166753017339904
INFO:root:examining: https://twitter.com/TheEconomist/status/1161166753017339904
INFO:root:examining: https://twitter.com/TheEconomist/status/1161166753017339904
INFO:root:examining: https://twitter.com/TheEconomist/status/1161166753017339904
INFO:root:examining: https://twitter.com/TheEconomist/status/1161166753017339904
INFO:root:examining: https://twitter.com/TheEconomist/status/1161166753017339904
INFO:root:examining: https://twitter.com/TheEconomist/status/1161166753017339904
INFO:root:looking for replies to: https://twitter.com/TheEconomist/status/1161166753017339904
ERROR:root:caught twitter api error: [{'code': 32, 'message': 'Could not authenticate you.'}]
ERROR:root:caught twitter api error: [{'code': 32, 'message': 'Could not authenticate you.'}]
ERROR:root:caught twitter api error: [{'code': 32, 'message': 'Could not authenticate you.'}]
ERROR:root:caught twitter api error: [{'code': 32, 'message': 'Could not authenticate you.'}]
INFO:root:looking for replies to: https://twitter.com/TheEconomist/status/1161166753017339904
ERROR:root:caught twitter api error: [{'code': 89, 'message': 'Invalid or expired token.'}]
ERROR:root:caught twitter api error: [{'code': 89, 'message': 'Invalid or expired token.'}]
INFO:root:looking for replies to: https://twitter.com/TheEconomist/status/1161166753017339904
ERROR:root:caught twitter api error: [{'code': 32, 'message': 'Could not authenticate you.'}]
ERROR:root:caught twitter api error: [{'code': 32, 'message': 'Could not authenticate you.'}]
ERROR:root:caught twitter api error: [{'code': 32, 'message': 'Could not authenticate you.'}]
INFO:root:looking for replies to: https://twitter.com/TheEconomist/status/1161166753017339904
ERROR:root:caught twitter api error: [{'code': 32, 'message': 'Could not authenticate you.'}]
INFO:root:looking for replies to: https://twitter.com/TheEconomist/status/1161166753017339904
ERROR:root:caught twitter api error: [{'code': 32, 'message': 'Could not authenticate you.'}]
ERROR:root:caught twitter api error: [{'code': 32, 'message': 'Could not authenticate you.'}]
ERROR:root:caught twitter api error: [{'code': 89, 'message': 'Invalid or expired token.'}]
INFO:root:looking for replies to: https://twitter.com/TheEconomist/status/1161166753017339904
ERROR:root:caught twitter api error: [{'code': 32, 'message': 'Could not authenticate you.'}]
ERROR:root:caught twitter api error: [{'code': 32, 'message': 'Could not authenticate you.'}]
ERROR:root:caught twitter api error: [{'code': 32, 'message': 'Could not authenticate you.'}]
ERROR:root:caught twitter api error: [{'code': 32, 'message': 'Could not authenticate you.'}]
ERROR:root:caught twitter api error: [{'code': 32, 'message': 'Could not authenticate you.'}]
ERROR:root:caught twitter api error: [{'code': 32, 'message': 'Could not authenticate you.'}]
ERROR:root:caught twitter api error: [{'code': 32, 'message': 'Could not authenticate you.'}]
ERROR:root:caught twitter api error: [{'code': 32, 'message': 'Could not authenticate you.'}]
ERROR:root:caught twitter api error: [{'code': 32, 'message': 'Could not authenticate you.'}]
ERROR:root:caught twitter api error: [{'code': 32, 'message': 'Could not authenticate you.'}]
ERROR:root:caught twitter api error: [{'code': 32, 'message': 'Could not authenticate you.'}]
ERROR:root:caught twitter api error: [{'code': 32, 'message': 'Could not authenticate you.'}]
ERROR:root:caught twitter api error: [{'code': 32, 'message': 'Could not authenticate you.'}]
ERROR:root:caught twitter api error: [{'code': 32, 'message': 'Could not authenticate you.'}]
ERROR:root:caught twitter api error: [{'code': 32, 'message': 'Could not authenticate you.'}]
ERROR:root:caught twitter api error: [{'code': 32, 'message': 'Could not authenticate you.'}]
ERROR:root:caught twitter api error: [{'code': 32, 'message': 'Could not authenticate you.'}]
ERROR:root:caught twitter api error: [{'code': 32, 'message': 'Could not authenticate you.'}]
INFO:root:looking for replies to: https://twitter.com/TheEconomist/status/1161166753017339904
ERROR:root:caught twitter api error: [{'code': 32, 'message': 'Could not authenticate you.'}]
INFO:root:looking for replies to: https://twitter.com/TheEconomist/status/1161166753017339904
ERROR:root:caught twitter api error: [{'code': 32, 'message': 'Could not authenticate you.'}]
